2016-12-06 17:00:31 [scrapy] INFO: Scrapy 1.2.1 started (bot: inventtory_spiders)
2016-12-06 17:00:31 [scrapy] INFO: Overridden settings: {'NEWSPIDER_MODULE': 'inventtory_spiders.spiders', 'LOG_LEVEL': 'INFO', 'SPIDER_MODULES': ['inventtory_spiders.spiders'], 'BOT_NAME': 'inventtory_spiders', 'USER_AGENT': 'Mozilla/5.0 (Windows NT 6.2; WOW64) AppleWebKit/537.36 (KHTML, like Gecko) Chrome/27.0.1453.93 Safari/537.36', 'LOG_FILE': 'C:\\Users\\serap\\Desktop\\inventtory_spider_respository_chris\\inventtory_data_scraping\\inventtory_data_scraping\\inventtory_spiders\\espacenet_china_Abstr-Claim-Descr\\LOG_espacenet_china\\espacenet_china_2.log', 'DOWNLOAD_DELAY': 0.5}
2016-12-06 17:00:31 [scrapy] INFO: Enabled extensions:
['scrapy.extensions.logstats.LogStats',
 'scrapy.extensions.telnet.TelnetConsole',
 'scrapy.extensions.corestats.CoreStats']
2016-12-06 17:00:31 [scrapy] INFO: Enabled downloader middlewares:
['scrapy.downloadermiddlewares.httpauth.HttpAuthMiddleware',
 'scrapy.downloadermiddlewares.downloadtimeout.DownloadTimeoutMiddleware',
 'scrapy.downloadermiddlewares.defaultheaders.DefaultHeadersMiddleware',
 'scrapy.downloadermiddlewares.useragent.UserAgentMiddleware',
 'scrapy.downloadermiddlewares.retry.RetryMiddleware',
 'scrapy.downloadermiddlewares.redirect.MetaRefreshMiddleware',
 'scrapy.downloadermiddlewares.httpcompression.HttpCompressionMiddleware',
 'scrapy.downloadermiddlewares.redirect.RedirectMiddleware',
 'scrapy.downloadermiddlewares.cookies.CookiesMiddleware',
 'scrapy.downloadermiddlewares.chunked.ChunkedTransferMiddleware',
 'scrapy.downloadermiddlewares.stats.DownloaderStats']
2016-12-06 17:00:31 [scrapy] INFO: Enabled spider middlewares:
['scrapy.spidermiddlewares.httperror.HttpErrorMiddleware',
 'scrapy.spidermiddlewares.offsite.OffsiteMiddleware',
 'scrapy.spidermiddlewares.referer.RefererMiddleware',
 'scrapy.spidermiddlewares.urllength.UrlLengthMiddleware',
 'scrapy.spidermiddlewares.depth.DepthMiddleware']
2016-12-06 17:00:31 [scrapy] INFO: Enabled item pipelines:
['inventtory_spiders.pipelines.InventtorySpidersPipeline']
2016-12-06 17:00:31 [scrapy] INFO: Spider opened
2016-12-06 17:00:31 [scrapy] INFO: Crawled 0 pages (at 0 pages/min), scraped 0 items (at 0 items/min)
2016-12-06 17:00:32 [scrapy] ERROR: Spider error processing <GET https://worldwide.espacenet.com/data/searchResults?submitted=true&locale=en_EP&DB=EPODOC&ST=advanced&TI=&AB=&PN=CN&AP=&PR=&PD=&PA=&IN=&CPC=&IC=&Submit=Search> (referer: None)
Traceback (most recent call last):
  File "c:\python27\lib\site-packages\scrapy\utils\defer.py", line 102, in iter_errback
    yield next(it)
  File "c:\python27\lib\site-packages\scrapy\spidermiddlewares\offsite.py", line 29, in process_spider_output
    for x in result:
  File "c:\python27\lib\site-packages\scrapy\spidermiddlewares\referer.py", line 22, in <genexpr>
    return (_set_referer(r) for r in result or ())
  File "c:\python27\lib\site-packages\scrapy\spidermiddlewares\urllength.py", line 37, in <genexpr>
    return (r for r in result or () if _filter(r))
  File "c:\python27\lib\site-packages\scrapy\spidermiddlewares\depth.py", line 58, in <genexpr>
    return (r for r in result or () if _filter(r))
  File "C:\Users\serap\Desktop\inventtory_spider_respository_chris\inventtory_data_scraping\inventtory_data_scraping\inventtory_spiders\inventtory_spiders\spiders\ww_espacenet_china.py", line 69, in parse_query_url
    print("total number of pages is: " + num_pages)
TypeError: cannot concatenate 'str' and 'int' objects
2016-12-06 17:00:32 [scrapy] INFO: Closing spider (finished)
2016-12-06 17:00:32 [scrapy] INFO: Dumping Scrapy stats:
{'downloader/request_bytes': 421,
 'downloader/request_count': 1,
 'downloader/request_method_count/GET': 1,
 'downloader/response_bytes': 123011,
 'downloader/response_count': 1,
 'downloader/response_status_count/200': 1,
 'finish_reason': 'finished',
 'finish_time': datetime.datetime(2016, 12, 6, 17, 0, 32, 720000),
 'log_count/ERROR': 1,
 'log_count/INFO': 7,
 'response_received_count': 1,
 'scheduler/dequeued': 1,
 'scheduler/dequeued/memory': 1,
 'scheduler/enqueued': 1,
 'scheduler/enqueued/memory': 1,
 'spider_exceptions/TypeError': 1,
 'start_time': datetime.datetime(2016, 12, 6, 17, 0, 31, 549000)}
2016-12-06 17:00:32 [scrapy] INFO: Spider closed (finished)
2016-12-06 17:01:23 [scrapy] INFO: Scrapy 1.2.1 started (bot: inventtory_spiders)
2016-12-06 17:01:23 [scrapy] INFO: Overridden settings: {'NEWSPIDER_MODULE': 'inventtory_spiders.spiders', 'LOG_LEVEL': 'INFO', 'SPIDER_MODULES': ['inventtory_spiders.spiders'], 'BOT_NAME': 'inventtory_spiders', 'USER_AGENT': 'Mozilla/5.0 (Windows NT 6.2; WOW64) AppleWebKit/537.36 (KHTML, like Gecko) Chrome/27.0.1453.93 Safari/537.36', 'LOG_FILE': 'C:\\Users\\serap\\Desktop\\inventtory_spider_respository_chris\\inventtory_data_scraping\\inventtory_data_scraping\\inventtory_spiders\\espacenet_china_Abstr-Claim-Descr\\LOG_espacenet_china\\espacenet_china_2.log', 'DOWNLOAD_DELAY': 0.5}
2016-12-06 17:01:23 [scrapy] INFO: Enabled extensions:
['scrapy.extensions.logstats.LogStats',
 'scrapy.extensions.telnet.TelnetConsole',
 'scrapy.extensions.corestats.CoreStats']
2016-12-06 17:01:24 [scrapy] INFO: Enabled downloader middlewares:
['scrapy.downloadermiddlewares.httpauth.HttpAuthMiddleware',
 'scrapy.downloadermiddlewares.downloadtimeout.DownloadTimeoutMiddleware',
 'scrapy.downloadermiddlewares.defaultheaders.DefaultHeadersMiddleware',
 'scrapy.downloadermiddlewares.useragent.UserAgentMiddleware',
 'scrapy.downloadermiddlewares.retry.RetryMiddleware',
 'scrapy.downloadermiddlewares.redirect.MetaRefreshMiddleware',
 'scrapy.downloadermiddlewares.httpcompression.HttpCompressionMiddleware',
 'scrapy.downloadermiddlewares.redirect.RedirectMiddleware',
 'scrapy.downloadermiddlewares.cookies.CookiesMiddleware',
 'scrapy.downloadermiddlewares.chunked.ChunkedTransferMiddleware',
 'scrapy.downloadermiddlewares.stats.DownloaderStats']
2016-12-06 17:01:24 [scrapy] INFO: Enabled spider middlewares:
['scrapy.spidermiddlewares.httperror.HttpErrorMiddleware',
 'scrapy.spidermiddlewares.offsite.OffsiteMiddleware',
 'scrapy.spidermiddlewares.referer.RefererMiddleware',
 'scrapy.spidermiddlewares.urllength.UrlLengthMiddleware',
 'scrapy.spidermiddlewares.depth.DepthMiddleware']
2016-12-06 17:01:24 [scrapy] INFO: Enabled item pipelines:
['inventtory_spiders.pipelines.InventtorySpidersPipeline']
2016-12-06 17:01:24 [scrapy] INFO: Spider opened
2016-12-06 17:01:24 [scrapy] INFO: Crawled 0 pages (at 0 pages/min), scraped 0 items (at 0 items/min)
2016-12-06 17:02:24 [scrapy] INFO: Crawled 97 pages (at 97 pages/min), scraped 0 items (at 0 items/min)
2016-12-06 17:03:24 [scrapy] INFO: Crawled 194 pages (at 97 pages/min), scraped 17 items (at 17 items/min)
2016-12-06 17:04:24 [scrapy] INFO: Crawled 291 pages (at 97 pages/min), scraped 25 items (at 8 items/min)
2016-12-06 17:05:24 [scrapy] INFO: Crawled 389 pages (at 98 pages/min), scraped 25 items (at 0 items/min)
2016-12-06 17:06:09 [scrapy] ERROR: Spider error processing <GET https://worldwide.espacenet.com/errorpages/error403.htm?reason=RequestVolumeQuota&ip=109.149.151.242> (referer: https://worldwide.espacenet.com/data/searchResults?page=77&locale=en_EP&DB=EPODOC&ST=advanced&TI=&AB=&PN=CN&AP=&PR=&PD=&PA=&IN=&CPC=&IC=&Submit=Search)
Traceback (most recent call last):
  File "c:\python27\lib\site-packages\scrapy\utils\defer.py", line 102, in iter_errback
    yield next(it)
  File "c:\python27\lib\site-packages\scrapy\spidermiddlewares\offsite.py", line 29, in process_spider_output
    for x in result:
  File "c:\python27\lib\site-packages\scrapy\spidermiddlewares\referer.py", line 22, in <genexpr>
    return (_set_referer(r) for r in result or ())
  File "c:\python27\lib\site-packages\scrapy\spidermiddlewares\urllength.py", line 37, in <genexpr>
    return (r for r in result or () if _filter(r))
  File "c:\python27\lib\site-packages\scrapy\spidermiddlewares\depth.py", line 58, in <genexpr>
    return (r for r in result or () if _filter(r))
  File "C:\Users\serap\Desktop\inventtory_spider_respository_chris\inventtory_data_scraping\inventtory_data_scraping\inventtory_spiders\inventtory_spiders\spiders\ww_espacenet_china.py", line 92, in parse_patent_link
    url1 = re.match('(https:\/\/worldwide\.espacenet\.com\/data\/publicationDetails\/)\w+(\?.*)',url).group(1)
AttributeError: 'NoneType' object has no attribute 'group'
2016-12-06 17:06:09 [scrapy] ERROR: Spider error processing <GET https://worldwide.espacenet.com/errorpages/error403.htm?reason=RequestVolumeQuota&ip=109.149.151.242> (referer: https://worldwide.espacenet.com/data/searchResults?page=77&locale=en_EP&DB=EPODOC&ST=advanced&TI=&AB=&PN=CN&AP=&PR=&PD=&PA=&IN=&CPC=&IC=&Submit=Search)
Traceback (most recent call last):
  File "c:\python27\lib\site-packages\scrapy\utils\defer.py", line 102, in iter_errback
    yield next(it)
  File "c:\python27\lib\site-packages\scrapy\spidermiddlewares\offsite.py", line 29, in process_spider_output
    for x in result:
  File "c:\python27\lib\site-packages\scrapy\spidermiddlewares\referer.py", line 22, in <genexpr>
    return (_set_referer(r) for r in result or ())
  File "c:\python27\lib\site-packages\scrapy\spidermiddlewares\urllength.py", line 37, in <genexpr>
    return (r for r in result or () if _filter(r))
  File "c:\python27\lib\site-packages\scrapy\spidermiddlewares\depth.py", line 58, in <genexpr>
    return (r for r in result or () if _filter(r))
  File "C:\Users\serap\Desktop\inventtory_spider_respository_chris\inventtory_data_scraping\inventtory_data_scraping\inventtory_spiders\inventtory_spiders\spiders\ww_espacenet_china.py", line 92, in parse_patent_link
    url1 = re.match('(https:\/\/worldwide\.espacenet\.com\/data\/publicationDetails\/)\w+(\?.*)',url).group(1)
AttributeError: 'NoneType' object has no attribute 'group'
2016-12-06 17:06:10 [scrapy] ERROR: Spider error processing <GET https://worldwide.espacenet.com/errorpages/error403.htm?reason=RequestVolumeQuota&ip=109.149.151.242> (referer: https://worldwide.espacenet.com/data/searchResults?page=77&locale=en_EP&DB=EPODOC&ST=advanced&TI=&AB=&PN=CN&AP=&PR=&PD=&PA=&IN=&CPC=&IC=&Submit=Search)
Traceback (most recent call last):
  File "c:\python27\lib\site-packages\scrapy\utils\defer.py", line 102, in iter_errback
    yield next(it)
  File "c:\python27\lib\site-packages\scrapy\spidermiddlewares\offsite.py", line 29, in process_spider_output
    for x in result:
  File "c:\python27\lib\site-packages\scrapy\spidermiddlewares\referer.py", line 22, in <genexpr>
    return (_set_referer(r) for r in result or ())
  File "c:\python27\lib\site-packages\scrapy\spidermiddlewares\urllength.py", line 37, in <genexpr>
    return (r for r in result or () if _filter(r))
  File "c:\python27\lib\site-packages\scrapy\spidermiddlewares\depth.py", line 58, in <genexpr>
    return (r for r in result or () if _filter(r))
  File "C:\Users\serap\Desktop\inventtory_spider_respository_chris\inventtory_data_scraping\inventtory_data_scraping\inventtory_spiders\inventtory_spiders\spiders\ww_espacenet_china.py", line 92, in parse_patent_link
    url1 = re.match('(https:\/\/worldwide\.espacenet\.com\/data\/publicationDetails\/)\w+(\?.*)',url).group(1)
AttributeError: 'NoneType' object has no attribute 'group'
2016-12-06 17:06:24 [scrapy] INFO: Crawled 487 pages (at 98 pages/min), scraped 25 items (at 0 items/min)
2016-12-06 17:07:23 [scrapy] INFO: Received SIGINT, shutting down gracefully. Send again to force 
2016-12-06 17:07:23 [scrapy] INFO: Closing spider (shutdown)
2016-12-06 17:07:24 [scrapy] INFO: Crawled 583 pages (at 96 pages/min), scraped 25 items (at 0 items/min)
2016-12-06 17:07:25 [scrapy] INFO: Received SIGINT twice, forcing unclean shutdown
