2016-12-06 16:41:04 [scrapy] INFO: Scrapy 1.2.1 started (bot: inventtory_spiders)
2016-12-06 16:41:04 [scrapy] INFO: Overridden settings: {'NEWSPIDER_MODULE': 'inventtory_spiders.spiders', 'LOG_LEVEL': 'INFO', 'SPIDER_MODULES': ['inventtory_spiders.spiders'], 'BOT_NAME': 'inventtory_spiders', 'USER_AGENT': 'Mozilla/5.0 (Windows NT 6.2; WOW64) AppleWebKit/537.36 (KHTML, like Gecko) Chrome/27.0.1453.93 Safari/537.36', 'LOG_FILE': 'C:\\Users\\serap\\Desktop\\inventtory_spider_respository_chris\\inventtory_data_scraping\\inventtory_data_scraping\\inventtory_spiders\\espacenet_china_Abstr-Claim-Descr\\LOG_espacenet_china\\espacenet_china_1.log', 'DOWNLOAD_DELAY': 5}
2016-12-06 16:41:04 [scrapy] INFO: Enabled extensions:
['scrapy.extensions.logstats.LogStats',
 'scrapy.extensions.telnet.TelnetConsole',
 'scrapy.extensions.corestats.CoreStats']
2016-12-06 16:41:05 [scrapy] INFO: Enabled downloader middlewares:
['scrapy.downloadermiddlewares.httpauth.HttpAuthMiddleware',
 'scrapy.downloadermiddlewares.downloadtimeout.DownloadTimeoutMiddleware',
 'scrapy.downloadermiddlewares.defaultheaders.DefaultHeadersMiddleware',
 'scrapy.downloadermiddlewares.useragent.UserAgentMiddleware',
 'scrapy.downloadermiddlewares.retry.RetryMiddleware',
 'scrapy.downloadermiddlewares.redirect.MetaRefreshMiddleware',
 'scrapy.downloadermiddlewares.httpcompression.HttpCompressionMiddleware',
 'scrapy.downloadermiddlewares.redirect.RedirectMiddleware',
 'scrapy.downloadermiddlewares.cookies.CookiesMiddleware',
 'scrapy.downloadermiddlewares.chunked.ChunkedTransferMiddleware',
 'scrapy.downloadermiddlewares.stats.DownloaderStats']
2016-12-06 16:41:05 [scrapy] INFO: Enabled spider middlewares:
['scrapy.spidermiddlewares.httperror.HttpErrorMiddleware',
 'scrapy.spidermiddlewares.offsite.OffsiteMiddleware',
 'scrapy.spidermiddlewares.referer.RefererMiddleware',
 'scrapy.spidermiddlewares.urllength.UrlLengthMiddleware',
 'scrapy.spidermiddlewares.depth.DepthMiddleware']
2016-12-06 16:41:05 [scrapy] INFO: Enabled item pipelines:
['inventtory_spiders.pipelines.InventtorySpidersPipeline']
2016-12-06 16:41:05 [scrapy] INFO: Spider opened
2016-12-06 16:41:05 [scrapy] INFO: Crawled 0 pages (at 0 pages/min), scraped 0 items (at 0 items/min)
2016-12-06 16:42:05 [scrapy] INFO: Crawled 11 pages (at 11 pages/min), scraped 0 items (at 0 items/min)
2016-12-06 16:43:05 [scrapy] INFO: Crawled 20 pages (at 9 pages/min), scraped 0 items (at 0 items/min)
2016-12-06 16:44:05 [scrapy] INFO: Crawled 30 pages (at 10 pages/min), scraped 0 items (at 0 items/min)
2016-12-06 16:45:05 [scrapy] INFO: Crawled 40 pages (at 10 pages/min), scraped 0 items (at 0 items/min)
2016-12-06 16:46:05 [scrapy] INFO: Crawled 51 pages (at 11 pages/min), scraped 0 items (at 0 items/min)
2016-12-06 16:47:05 [scrapy] INFO: Crawled 61 pages (at 10 pages/min), scraped 0 items (at 0 items/min)
2016-12-06 16:48:05 [scrapy] INFO: Crawled 71 pages (at 10 pages/min), scraped 0 items (at 0 items/min)
2016-12-06 16:49:05 [scrapy] INFO: Crawled 82 pages (at 11 pages/min), scraped 0 items (at 0 items/min)
