2016-12-06 16:21:16 [scrapy] INFO: Scrapy 1.2.1 started (bot: inventtory_spiders)
2016-12-06 16:21:16 [scrapy] INFO: Overridden settings: {'NEWSPIDER_MODULE': 'inventtory_spiders.spiders', 'LOG_LEVEL': 'INFO', 'SPIDER_MODULES': ['inventtory_spiders.spiders'], 'BOT_NAME': 'inventtory_spiders', 'USER_AGENT': 'Mozilla/5.0 (Windows NT 6.2; WOW64) AppleWebKit/537.36 (KHTML, like Gecko) Chrome/27.0.1453.93 Safari/537.36', 'LOG_FILE': 'C:\\Users\\serap\\Desktop\\inventtory_spider_respository_chris\\inventtory_data_scraping\\inventtory_data_scraping\\inventtory_spiders\\uspto_classes_subclasses_Abstr-Claim-Descr\\LOG_uspto_classes_subclasses\\uspto_classes_subclasses_2.log', 'DOWNLOAD_DELAY': 5}
2016-12-06 16:21:16 [scrapy] INFO: Enabled extensions:
['scrapy.extensions.logstats.LogStats',
 'scrapy.extensions.telnet.TelnetConsole',
 'scrapy.extensions.corestats.CoreStats']
2016-12-06 16:21:17 [scrapy] INFO: Enabled downloader middlewares:
['scrapy.downloadermiddlewares.httpauth.HttpAuthMiddleware',
 'scrapy.downloadermiddlewares.downloadtimeout.DownloadTimeoutMiddleware',
 'scrapy.downloadermiddlewares.defaultheaders.DefaultHeadersMiddleware',
 'scrapy.downloadermiddlewares.useragent.UserAgentMiddleware',
 'scrapy.downloadermiddlewares.retry.RetryMiddleware',
 'scrapy.downloadermiddlewares.redirect.MetaRefreshMiddleware',
 'scrapy.downloadermiddlewares.httpcompression.HttpCompressionMiddleware',
 'scrapy.downloadermiddlewares.redirect.RedirectMiddleware',
 'scrapy.downloadermiddlewares.cookies.CookiesMiddleware',
 'scrapy.downloadermiddlewares.chunked.ChunkedTransferMiddleware',
 'scrapy.downloadermiddlewares.stats.DownloaderStats']
2016-12-06 16:21:17 [scrapy] INFO: Enabled spider middlewares:
['scrapy.spidermiddlewares.httperror.HttpErrorMiddleware',
 'scrapy.spidermiddlewares.offsite.OffsiteMiddleware',
 'scrapy.spidermiddlewares.referer.RefererMiddleware',
 'scrapy.spidermiddlewares.urllength.UrlLengthMiddleware',
 'scrapy.spidermiddlewares.depth.DepthMiddleware']
2016-12-06 16:21:17 [scrapy] INFO: Enabled item pipelines:
['inventtory_spiders.pipelines.InventtorySpidersPipeline']
2016-12-06 16:21:17 [scrapy] INFO: Spider opened
2016-12-06 16:21:17 [scrapy] INFO: Crawled 0 pages (at 0 pages/min), scraped 0 items (at 0 items/min)
2016-12-06 16:22:17 [scrapy] INFO: Crawled 1 pages (at 1 pages/min), scraped 0 items (at 0 items/min)
2016-12-06 16:23:17 [scrapy] INFO: Crawled 1 pages (at 0 pages/min), scraped 0 items (at 0 items/min)
2016-12-06 16:24:17 [scrapy] INFO: Crawled 5 pages (at 4 pages/min), scraped 0 items (at 0 items/min)
2016-12-06 16:25:17 [scrapy] INFO: Crawled 10 pages (at 5 pages/min), scraped 0 items (at 0 items/min)
2016-12-06 16:26:17 [scrapy] INFO: Crawled 14 pages (at 4 pages/min), scraped 0 items (at 0 items/min)
2016-12-06 16:27:17 [scrapy] INFO: Crawled 18 pages (at 4 pages/min), scraped 0 items (at 0 items/min)
2016-12-06 16:28:17 [scrapy] INFO: Crawled 25 pages (at 7 pages/min), scraped 7 items (at 7 items/min)
2016-12-06 16:29:17 [scrapy] INFO: Crawled 33 pages (at 8 pages/min), scraped 15 items (at 8 items/min)
2016-12-06 16:30:17 [scrapy] INFO: Crawled 37 pages (at 4 pages/min), scraped 19 items (at 4 items/min)
2016-12-06 16:31:17 [scrapy] INFO: Crawled 41 pages (at 4 pages/min), scraped 23 items (at 4 items/min)
2016-12-06 16:32:04 [scrapy] INFO: Received SIGINT, shutting down gracefully. Send again to force 
2016-12-06 16:32:04 [scrapy] INFO: Closing spider (shutdown)
2016-12-06 16:32:17 [scrapy] INFO: Crawled 49 pages (at 8 pages/min), scraped 31 items (at 8 items/min)
2016-12-06 16:32:50 [scrapy] INFO: Received SIGINT twice, forcing unclean shutdown
