2016-12-06 15:54:07 [scrapy] INFO: Scrapy 1.2.1 started (bot: inventtory_spiders)
2016-12-06 15:54:07 [scrapy] INFO: Overridden settings: {'NEWSPIDER_MODULE': 'inventtory_spiders.spiders', 'LOG_LEVEL': 'INFO', 'SPIDER_MODULES': ['inventtory_spiders.spiders'], 'BOT_NAME': 'inventtory_spiders', 'USER_AGENT': 'Mozilla/5.0 (Windows NT 6.2; WOW64) AppleWebKit/537.36 (KHTML, like Gecko) Chrome/27.0.1453.93 Safari/537.36', 'LOG_FILE': 'C:\\Users\\serap\\Desktop\\inventtory_spider_respository_chris\\inventtory_data_scraping\\inventtory_data_scraping\\inventtory_spiders\\uspto_classes_subclasses_Abstr-Claim-Descr\\LOG_uspto_classes_subclasses\\uspto_classes_subclasses_1.log', 'DOWNLOAD_DELAY': 5}
2016-12-06 15:54:08 [scrapy] INFO: Enabled extensions:
['scrapy.extensions.logstats.LogStats',
 'scrapy.extensions.telnet.TelnetConsole',
 'scrapy.extensions.corestats.CoreStats']
2016-12-06 15:54:08 [scrapy] INFO: Enabled downloader middlewares:
['scrapy.downloadermiddlewares.httpauth.HttpAuthMiddleware',
 'scrapy.downloadermiddlewares.downloadtimeout.DownloadTimeoutMiddleware',
 'scrapy.downloadermiddlewares.defaultheaders.DefaultHeadersMiddleware',
 'scrapy.downloadermiddlewares.useragent.UserAgentMiddleware',
 'scrapy.downloadermiddlewares.retry.RetryMiddleware',
 'scrapy.downloadermiddlewares.redirect.MetaRefreshMiddleware',
 'scrapy.downloadermiddlewares.httpcompression.HttpCompressionMiddleware',
 'scrapy.downloadermiddlewares.redirect.RedirectMiddleware',
 'scrapy.downloadermiddlewares.cookies.CookiesMiddleware',
 'scrapy.downloadermiddlewares.chunked.ChunkedTransferMiddleware',
 'scrapy.downloadermiddlewares.stats.DownloaderStats']
2016-12-06 15:54:08 [scrapy] INFO: Enabled spider middlewares:
['scrapy.spidermiddlewares.httperror.HttpErrorMiddleware',
 'scrapy.spidermiddlewares.offsite.OffsiteMiddleware',
 'scrapy.spidermiddlewares.referer.RefererMiddleware',
 'scrapy.spidermiddlewares.urllength.UrlLengthMiddleware',
 'scrapy.spidermiddlewares.depth.DepthMiddleware']
2016-12-06 15:54:08 [scrapy] INFO: Enabled item pipelines:
['inventtory_spiders.pipelines.InventtorySpidersPipeline']
2016-12-06 15:54:08 [scrapy] INFO: Spider opened
2016-12-06 15:54:09 [scrapy] INFO: Crawled 0 pages (at 0 pages/min), scraped 0 items (at 0 items/min)
2016-12-06 15:55:09 [scrapy] INFO: Crawled 6 pages (at 6 pages/min), scraped 0 items (at 0 items/min)
2016-12-06 15:56:09 [scrapy] INFO: Crawled 14 pages (at 8 pages/min), scraped 0 items (at 0 items/min)
2016-12-06 15:57:09 [scrapy] INFO: Crawled 26 pages (at 12 pages/min), scraped 8 items (at 8 items/min)
2016-12-06 15:58:09 [scrapy] INFO: Crawled 36 pages (at 10 pages/min), scraped 18 items (at 10 items/min)
2016-12-06 15:59:09 [scrapy] INFO: Crawled 46 pages (at 10 pages/min), scraped 28 items (at 10 items/min)
2016-12-06 16:00:09 [scrapy] INFO: Crawled 54 pages (at 8 pages/min), scraped 36 items (at 8 items/min)
2016-12-06 16:01:09 [scrapy] INFO: Crawled 67 pages (at 13 pages/min), scraped 49 items (at 13 items/min)
2016-12-06 16:02:09 [scrapy] INFO: Crawled 77 pages (at 10 pages/min), scraped 59 items (at 10 items/min)
2016-12-06 16:02:23 [scrapy] INFO: Received SIGINT, shutting down gracefully. Send again to force 
2016-12-06 16:02:23 [scrapy] INFO: Closing spider (shutdown)
2016-12-06 16:02:34 [scrapy] INFO: Received SIGINT twice, forcing unclean shutdown
