2016-12-06 17:40:23 [scrapy] INFO: Scrapy 1.2.1 started (bot: inventtory_spiders)
2016-12-06 17:40:23 [scrapy] INFO: Overridden settings: {'NEWSPIDER_MODULE': 'inventtory_spiders.spiders', 'LOG_LEVEL': 'INFO', 'SPIDER_MODULES': ['inventtory_spiders.spiders'], 'BOT_NAME': 'inventtory_spiders', 'USER_AGENT': 'Mozilla/5.0 (Windows NT 6.2; WOW64) AppleWebKit/537.36 (KHTML, like Gecko) Chrome/27.0.1453.93 Safari/537.36', 'LOG_FILE': 'C:\\Users\\serap\\Desktop\\inventtory_spider_respository_chris\\inventtory_data_scraping\\inventtory_data_scraping\\inventtory_spiders\\espacenet_europe_Abstr-Claim-Descr\\LOG_espacenet_europe\\espacenet_europe_1.log', 'DOWNLOAD_DELAY': 0.5}
2016-12-06 17:40:24 [scrapy] INFO: Enabled extensions:
['scrapy.extensions.logstats.LogStats',
 'scrapy.extensions.telnet.TelnetConsole',
 'scrapy.extensions.corestats.CoreStats']
2016-12-06 17:40:25 [scrapy] INFO: Enabled downloader middlewares:
['scrapy.downloadermiddlewares.httpauth.HttpAuthMiddleware',
 'scrapy.downloadermiddlewares.downloadtimeout.DownloadTimeoutMiddleware',
 'scrapy.downloadermiddlewares.defaultheaders.DefaultHeadersMiddleware',
 'scrapy.downloadermiddlewares.useragent.UserAgentMiddleware',
 'scrapy.downloadermiddlewares.retry.RetryMiddleware',
 'scrapy.downloadermiddlewares.redirect.MetaRefreshMiddleware',
 'scrapy.downloadermiddlewares.httpcompression.HttpCompressionMiddleware',
 'scrapy.downloadermiddlewares.redirect.RedirectMiddleware',
 'scrapy.downloadermiddlewares.cookies.CookiesMiddleware',
 'scrapy.downloadermiddlewares.chunked.ChunkedTransferMiddleware',
 'scrapy.downloadermiddlewares.stats.DownloaderStats']
2016-12-06 17:40:25 [scrapy] INFO: Enabled spider middlewares:
['scrapy.spidermiddlewares.httperror.HttpErrorMiddleware',
 'scrapy.spidermiddlewares.offsite.OffsiteMiddleware',
 'scrapy.spidermiddlewares.referer.RefererMiddleware',
 'scrapy.spidermiddlewares.urllength.UrlLengthMiddleware',
 'scrapy.spidermiddlewares.depth.DepthMiddleware']
2016-12-06 17:40:25 [scrapy] INFO: Enabled item pipelines:
['inventtory_spiders.pipelines.InventtorySpidersPipeline']
2016-12-06 17:40:25 [scrapy] INFO: Spider opened
2016-12-06 17:40:25 [scrapy] INFO: Crawled 0 pages (at 0 pages/min), scraped 0 items (at 0 items/min)
2016-12-06 17:41:25 [scrapy] INFO: Crawled 97 pages (at 97 pages/min), scraped 0 items (at 0 items/min)
2016-12-06 17:42:06 [scrapy] ERROR: Spider error processing <GET https://worldwide.espacenet.com/data/publicationDetails/citedDocuments?DB=EPODOC&II=20&ND=3&adjacent=true&locale=en_EP&FT=D&date=20161130&CC=EP&NR=3099000A1&KC=A1> (referer: https://worldwide.espacenet.com/data/publicationDetails/claims?DB=EPODOC&II=20&ND=3&adjacent=true&locale=en_EP&FT=D&date=20161130&CC=EP&NR=3099000A1&KC=A1)
Traceback (most recent call last):
  File "c:\python27\lib\site-packages\scrapy\utils\defer.py", line 102, in iter_errback
    yield next(it)
  File "c:\python27\lib\site-packages\scrapy\spidermiddlewares\offsite.py", line 29, in process_spider_output
    for x in result:
  File "c:\python27\lib\site-packages\scrapy\spidermiddlewares\referer.py", line 22, in <genexpr>
    return (_set_referer(r) for r in result or ())
  File "c:\python27\lib\site-packages\scrapy\spidermiddlewares\urllength.py", line 37, in <genexpr>
    return (r for r in result or () if _filter(r))
  File "c:\python27\lib\site-packages\scrapy\spidermiddlewares\depth.py", line 58, in <genexpr>
    return (r for r in result or () if _filter(r))
  File "C:\Users\serap\Desktop\inventtory_spider_respository_chris\inventtory_data_scraping\inventtory_data_scraping\inventtory_spiders\inventtory_spiders\spiders\ww_espacenet_europe.py", line 397, in parse_cited_tab
    entry = record + ' ' + inventors[i] + ' ' + applicants[i] + ' ' + CPC[i] + ' ' + IPC[i] + ' ' + pub_info[i] + ' ' + priority_date[i] + '\n'
IndexError: list index out of range
2016-12-06 17:42:25 [scrapy] INFO: Crawled 196 pages (at 99 pages/min), scraped 17 items (at 17 items/min)
2016-12-06 17:43:25 [scrapy] INFO: Crawled 295 pages (at 99 pages/min), scraped 24 items (at 7 items/min)
2016-12-06 17:43:27 [scrapy] INFO: Received SIGINT, shutting down gracefully. Send again to force 
2016-12-06 17:43:27 [scrapy] INFO: Closing spider (shutdown)
2016-12-06 17:43:34 [scrapy] INFO: Received SIGINT twice, forcing unclean shutdown
